<?xml version="1.0" encoding="UTF-8"?>
<!-- Generated by org.testng.reporters.JUnitXMLReporter -->
<testsuite ignored="18" hostname="DESKTOP-BB59D2L" failures="1" tests="6" name="SmokeTests" time="157.573" errors="0" timestamp="27 Jun 2020 20:31:50 GMT">
  <testcase classname="com.selenium.test.scripts.AddAEmployee" name="addEmp" time="41.452">
    <failure type="java.lang.AssertionError" message="expected [true] but found [false]">
      <![CDATA[java.lang.AssertionError: expected [true] but found [false]
at com.selenium.library.GlobalSeleniumLibrary.clickButton(GlobalSeleniumLibrary.java:283)
at com.selenium.test.scripts.AddAEmployee.addEmp(AddAEmployee.java:33)
... Removed 29 stack frames]]>
    </failure>
  </testcase> <!-- addEmp -->
  <testcase classname="com.selenium.test.scripts.LoginInTest" name="login" time="4.978"/>
  <testcase classname="com.selenium.test.scripts.LoginInTest" name="login" time="4.961"/>
  <testcase classname="com.selenium.test.scripts.LoginInTest" name="login" time="4.854"/>
  <testcase classname="com.selenium.test.scripts.LoginInTest" name="login" time="4.875"/>
  <testcase classname="com.selenium.test.scripts.ParamTest" name="parameter" time="8.153"/>
  <testcase classname="com.selenium.test.scripts.SmokeTests" name="leaveStatus" time="0.0">
    <ignored/>
  </testcase> <!-- leaveStatus -->
  <testcase classname="com.selenium.test.scripts.SmokeTests" name="empSupervisor" time="0.0">
    <ignored/>
  </testcase> <!-- empSupervisor -->
  <testcase classname="com.selenium.test.scripts.SmokeTests" name="licenseUpdate" time="0.0">
    <ignored/>
  </testcase> <!-- licenseUpdate -->
  <testcase classname="com.selenium.test.scripts.SmokeTests" name="leaveList" time="0.0">
    <ignored/>
  </testcase> <!-- leaveList -->
  <testcase classname="com.selenium.test.scripts.SmokeTests" name="loginValidInfo" time="0.0">
    <ignored/>
  </testcase> <!-- loginValidInfo -->
  <testcase classname="com.selenium.test.scripts.SmokeTests" name="empSalary" time="0.0">
    <ignored/>
  </testcase> <!-- empSalary -->
  <testcase classname="com.selenium.test.scripts.SmokeTests" name="addNewJob" time="0.0">
    <ignored/>
  </testcase> <!-- addNewJob -->
  <testcase classname="com.selenium.test.scripts.SmokeTests" name="leaveCancel" time="0.0">
    <ignored/>
  </testcase> <!-- leaveCancel -->
  <testcase classname="com.selenium.test.scripts.SmokeTests" name="leaveDays" time="0.0">
    <ignored/>
  </testcase> <!-- leaveDays -->
  <testcase classname="com.selenium.test.scripts.SmokeTests" name="leaveReq" time="0.0">
    <ignored/>
  </testcase> <!-- leaveReq -->
  <testcase classname="com.selenium.test.scripts.SmokeTests" name="loginInvalidInfo" time="0.0">
    <ignored/>
  </testcase> <!-- loginInvalidInfo -->
  <testcase classname="com.selenium.test.scripts.SmokeTests" name="distribution" time="0.0">
    <ignored/>
  </testcase> <!-- distribution -->
  <testcase classname="com.selenium.test.scripts.SmokeTests" name="jobtitleEmp" time="0.0">
    <ignored/>
  </testcase> <!-- jobtitleEmp -->
  <testcase classname="com.selenium.test.scripts.SmokeTests" name="companyName" time="0.0">
    <ignored/>
  </testcase> <!-- companyName -->
  <testcase classname="com.selenium.test.scripts.SmokeTests" name="PictureEmp" time="0.0">
    <ignored/>
  </testcase> <!-- PictureEmp -->
  <testcase classname="com.selenium.test.scripts.SmokeTests" name="marketPlace" time="0.0">
    <ignored/>
  </testcase> <!-- marketPlace -->
  <testcase classname="com.selenium.test.scripts.SmokeTests" name="legend" time="0.0">
    <ignored/>
  </testcase> <!-- legend -->
  <testcase classname="com.selenium.test.scripts.SmokeTests" name="workShift" time="0.0">
    <ignored/>
  </testcase> <!-- workShift -->
</testsuite> <!-- SmokeTests -->
